<?xml version="1.0" encoding="UTF-8"?>
<testsuite xmlns:xsi="http://www.w3.org/2001/XMLSchema-instance" xsi:noNamespaceSchemaLocation="https://maven.apache.org/surefire/maven-surefire-plugin/xsd/surefire-test-report.xsd" name="com.neo.SwaggerApplicationTests" time="0.059" tests="1" errors="0" skipped="0" failures="0">
  <properties>
    <property name="java.specification.version" value="18"/>
    <property name="sun.cpu.isalist" value="amd64"/>
    <property name="sun.jnu.encoding" value="GBK"/>
    <property name="java.class.path" value="D:\Share\易恒\java-samples\spring-boot-swagger-mock-hs\target\test-classes;D:\Share\易恒\java-samples\spring-boot-swagger-mock-hs\target\classes;D:\m2\org\springframework\boot\spring-boot-starter-web\2.1.0.RELEASE\spring-boot-starter-web-2.1.0.RELEASE.jar;D:\m2\org\springframework\boot\spring-boot-starter\2.1.0.RELEASE\spring-boot-starter-2.1.0.RELEASE.jar;D:\m2\org\springframework\boot\spring-boot-starter-logging\2.1.0.RELEASE\spring-boot-starter-logging-2.1.0.RELEASE.jar;D:\m2\ch\qos\logback\logback-classic\1.2.3\logback-classic-1.2.3.jar;D:\m2\ch\qos\logback\logback-core\1.2.3\logback-core-1.2.3.jar;D:\m2\org\apache\logging\log4j\log4j-to-slf4j\2.11.1\log4j-to-slf4j-2.11.1.jar;D:\m2\org\apache\logging\log4j\log4j-api\2.11.1\log4j-api-2.11.1.jar;D:\m2\org\slf4j\jul-to-slf4j\1.7.25\jul-to-slf4j-1.7.25.jar;D:\m2\javax\annotation\javax.annotation-api\1.3.2\javax.annotation-api-1.3.2.jar;D:\m2\org\yaml\snakeyaml\1.23\snakeyaml-1.23.jar;D:\m2\org\springframework\boot\spring-boot-starter-json\2.1.0.RELEASE\spring-boot-starter-json-2.1.0.RELEASE.jar;D:\m2\com\fasterxml\jackson\core\jackson-databind\2.9.7\jackson-databind-2.9.7.jar;D:\m2\com\fasterxml\jackson\core\jackson-core\2.9.7\jackson-core-2.9.7.jar;D:\m2\com\fasterxml\jackson\datatype\jackson-datatype-jdk8\2.9.7\jackson-datatype-jdk8-2.9.7.jar;D:\m2\com\fasterxml\jackson\datatype\jackson-datatype-jsr310\2.9.7\jackson-datatype-jsr310-2.9.7.jar;D:\m2\com\fasterxml\jackson\module\jackson-module-parameter-names\2.9.7\jackson-module-parameter-names-2.9.7.jar;D:\m2\org\springframework\boot\spring-boot-starter-tomcat\2.1.0.RELEASE\spring-boot-starter-tomcat-2.1.0.RELEASE.jar;D:\m2\org\apache\tomcat\embed\tomcat-embed-core\9.0.12\tomcat-embed-core-9.0.12.jar;D:\m2\org\apache\tomcat\embed\tomcat-embed-el\9.0.12\tomcat-embed-el-9.0.12.jar;D:\m2\org\apache\tomcat\embed\tomcat-embed-websocket\9.0.12\tomcat-embed-websocket-9.0.12.jar;D:\m2\org\hibernate\validator\hibernate-validator\6.0.13.Final\hibernate-validator-6.0.13.Final.jar;D:\m2\javax\validation\validation-api\2.0.1.Final\validation-api-2.0.1.Final.jar;D:\m2\org\jboss\logging\jboss-logging\3.3.2.Final\jboss-logging-3.3.2.Final.jar;D:\m2\org\springframework\spring-web\5.1.2.RELEASE\spring-web-5.1.2.RELEASE.jar;D:\m2\org\springframework\spring-beans\5.1.2.RELEASE\spring-beans-5.1.2.RELEASE.jar;D:\m2\org\springframework\spring-webmvc\5.1.2.RELEASE\spring-webmvc-5.1.2.RELEASE.jar;D:\m2\org\springframework\spring-aop\5.1.2.RELEASE\spring-aop-5.1.2.RELEASE.jar;D:\m2\org\springframework\spring-context\5.1.2.RELEASE\spring-context-5.1.2.RELEASE.jar;D:\m2\org\springframework\spring-expression\5.1.2.RELEASE\spring-expression-5.1.2.RELEASE.jar;D:\m2\io\springfox\springfox-swagger2\2.9.2\springfox-swagger2-2.9.2.jar;D:\m2\io\swagger\swagger-annotations\1.5.20\swagger-annotations-1.5.20.jar;D:\m2\io\swagger\swagger-models\1.5.20\swagger-models-1.5.20.jar;D:\m2\com\fasterxml\jackson\core\jackson-annotations\2.9.0\jackson-annotations-2.9.0.jar;D:\m2\io\springfox\springfox-spi\2.9.2\springfox-spi-2.9.2.jar;D:\m2\io\springfox\springfox-core\2.9.2\springfox-core-2.9.2.jar;D:\m2\io\springfox\springfox-schema\2.9.2\springfox-schema-2.9.2.jar;D:\m2\io\springfox\springfox-swagger-common\2.9.2\springfox-swagger-common-2.9.2.jar;D:\m2\io\springfox\springfox-spring-web\2.9.2\springfox-spring-web-2.9.2.jar;D:\m2\com\google\guava\guava\20.0\guava-20.0.jar;D:\m2\com\fasterxml\classmate\1.4.0\classmate-1.4.0.jar;D:\m2\org\slf4j\slf4j-api\1.7.25\slf4j-api-1.7.25.jar;D:\m2\org\springframework\plugin\spring-plugin-core\1.2.0.RELEASE\spring-plugin-core-1.2.0.RELEASE.jar;D:\m2\org\springframework\plugin\spring-plugin-metadata\1.2.0.RELEASE\spring-plugin-metadata-1.2.0.RELEASE.jar;D:\m2\org\mapstruct\mapstruct\1.2.0.Final\mapstruct-1.2.0.Final.jar;D:\m2\io\springfox\springfox-swagger-ui\2.9.2\springfox-swagger-ui-2.9.2.jar;D:\m2\org\springframework\boot\spring-boot-starter-test\2.1.0.RELEASE\spring-boot-starter-test-2.1.0.RELEASE.jar;D:\m2\org\springframework\boot\spring-boot-test\2.1.0.RELEASE\spring-boot-test-2.1.0.RELEASE.jar;D:\m2\org\springframework\boot\spring-boot-test-autoconfigure\2.1.0.RELEASE\spring-boot-test-autoconfigure-2.1.0.RELEASE.jar;D:\m2\com\jayway\jsonpath\json-path\2.4.0\json-path-2.4.0.jar;D:\m2\net\minidev\json-smart\2.3\json-smart-2.3.jar;D:\m2\net\minidev\accessors-smart\1.2\accessors-smart-1.2.jar;D:\m2\org\ow2\asm\asm\5.0.4\asm-5.0.4.jar;D:\m2\junit\junit\4.12\junit-4.12.jar;D:\m2\org\assertj\assertj-core\3.11.1\assertj-core-3.11.1.jar;D:\m2\org\mockito\mockito-core\2.23.0\mockito-core-2.23.0.jar;D:\m2\net\bytebuddy\byte-buddy\1.9.3\byte-buddy-1.9.3.jar;D:\m2\net\bytebuddy\byte-buddy-agent\1.9.3\byte-buddy-agent-1.9.3.jar;D:\m2\org\objenesis\objenesis\2.6\objenesis-2.6.jar;D:\m2\org\hamcrest\hamcrest-core\1.3\hamcrest-core-1.3.jar;D:\m2\org\hamcrest\hamcrest-library\1.3\hamcrest-library-1.3.jar;D:\m2\org\skyscreamer\jsonassert\1.5.0\jsonassert-1.5.0.jar;D:\m2\org\springframework\spring-core\5.1.2.RELEASE\spring-core-5.1.2.RELEASE.jar;D:\m2\org\springframework\spring-jcl\5.1.2.RELEASE\spring-jcl-5.1.2.RELEASE.jar;D:\m2\org\springframework\spring-test\5.1.2.RELEASE\spring-test-5.1.2.RELEASE.jar;D:\m2\org\xmlunit\xmlunit-core\2.6.2\xmlunit-core-2.6.2.jar;D:\m2\javax\xml\bind\jaxb-api\2.3.1\jaxb-api-2.3.1.jar;D:\m2\javax\activation\javax.activation-api\1.2.0\javax.activation-api-1.2.0.jar;D:\m2\org\springframework\boot\spring-boot-devtools\2.1.0.RELEASE\spring-boot-devtools-2.1.0.RELEASE.jar;D:\m2\org\springframework\boot\spring-boot\2.1.0.RELEASE\spring-boot-2.1.0.RELEASE.jar;D:\m2\org\springframework\boot\spring-boot-autoconfigure\2.1.0.RELEASE\spring-boot-autoconfigure-2.1.0.RELEASE.jar;D:\m2\org\projectlombok\lombok\1.18.24\lombok-1.18.24.jar;D:\m2\com\vaadin\external\google\android-json\0.0.20131108.vaadin1\android-json-0.0.20131108.vaadin1.jar;D:\m2\org\apache\httpcomponents\httpclient\4.5.13\httpclient-4.5.13.jar;D:\m2\commons-codec\commons-codec\1.11\commons-codec-1.11.jar;D:\m2\org\apache\httpcomponents\httpcore\4.4.15\httpcore-4.4.15.jar;"/>
    <property name="java.vm.vendor" value="Oracle Corporation"/>
    <property name="sun.arch.data.model" value="64"/>
    <property name="user.variant" value=""/>
    <property name="java.vendor.url" value="https://java.oracle.com/"/>
    <property name="user.timezone" value="Asia/Shanghai"/>
    <property name="os.name" value="Windows 11"/>
    <property name="java.vm.specification.version" value="18"/>
    <property name="sun.java.launcher" value="SUN_STANDARD"/>
    <property name="user.country" value="CN"/>
    <property name="sun.boot.library.path" value="C:\Program Files\Java\jdk-18\bin"/>
    <property name="sun.java.command" value="C:\Users\norman\AppData\Local\Temp\surefire1451912884934392543\surefirebooter1278418005940355723.jar C:\Users\norman\AppData\Local\Temp\surefire1451912884934392543 2023-09-07T14-45-16_915-jvmRun1 surefire2011442294122914750tmp surefire_016188705474253199020tmp"/>
    <property name="jdk.debug" value="release"/>
    <property name="surefire.test.class.path" value="D:\Share\易恒\java-samples\spring-boot-swagger-mock-hs\target\test-classes;D:\Share\易恒\java-samples\spring-boot-swagger-mock-hs\target\classes;D:\m2\org\springframework\boot\spring-boot-starter-web\2.1.0.RELEASE\spring-boot-starter-web-2.1.0.RELEASE.jar;D:\m2\org\springframework\boot\spring-boot-starter\2.1.0.RELEASE\spring-boot-starter-2.1.0.RELEASE.jar;D:\m2\org\springframework\boot\spring-boot-starter-logging\2.1.0.RELEASE\spring-boot-starter-logging-2.1.0.RELEASE.jar;D:\m2\ch\qos\logback\logback-classic\1.2.3\logback-classic-1.2.3.jar;D:\m2\ch\qos\logback\logback-core\1.2.3\logback-core-1.2.3.jar;D:\m2\org\apache\logging\log4j\log4j-to-slf4j\2.11.1\log4j-to-slf4j-2.11.1.jar;D:\m2\org\apache\logging\log4j\log4j-api\2.11.1\log4j-api-2.11.1.jar;D:\m2\org\slf4j\jul-to-slf4j\1.7.25\jul-to-slf4j-1.7.25.jar;D:\m2\javax\annotation\javax.annotation-api\1.3.2\javax.annotation-api-1.3.2.jar;D:\m2\org\yaml\snakeyaml\1.23\snakeyaml-1.23.jar;D:\m2\org\springframework\boot\spring-boot-starter-json\2.1.0.RELEASE\spring-boot-starter-json-2.1.0.RELEASE.jar;D:\m2\com\fasterxml\jackson\core\jackson-databind\2.9.7\jackson-databind-2.9.7.jar;D:\m2\com\fasterxml\jackson\core\jackson-core\2.9.7\jackson-core-2.9.7.jar;D:\m2\com\fasterxml\jackson\datatype\jackson-datatype-jdk8\2.9.7\jackson-datatype-jdk8-2.9.7.jar;D:\m2\com\fasterxml\jackson\datatype\jackson-datatype-jsr310\2.9.7\jackson-datatype-jsr310-2.9.7.jar;D:\m2\com\fasterxml\jackson\module\jackson-module-parameter-names\2.9.7\jackson-module-parameter-names-2.9.7.jar;D:\m2\org\springframework\boot\spring-boot-starter-tomcat\2.1.0.RELEASE\spring-boot-starter-tomcat-2.1.0.RELEASE.jar;D:\m2\org\apache\tomcat\embed\tomcat-embed-core\9.0.12\tomcat-embed-core-9.0.12.jar;D:\m2\org\apache\tomcat\embed\tomcat-embed-el\9.0.12\tomcat-embed-el-9.0.12.jar;D:\m2\org\apache\tomcat\embed\tomcat-embed-websocket\9.0.12\tomcat-embed-websocket-9.0.12.jar;D:\m2\org\hibernate\validator\hibernate-validator\6.0.13.Final\hibernate-validator-6.0.13.Final.jar;D:\m2\javax\validation\validation-api\2.0.1.Final\validation-api-2.0.1.Final.jar;D:\m2\org\jboss\logging\jboss-logging\3.3.2.Final\jboss-logging-3.3.2.Final.jar;D:\m2\org\springframework\spring-web\5.1.2.RELEASE\spring-web-5.1.2.RELEASE.jar;D:\m2\org\springframework\spring-beans\5.1.2.RELEASE\spring-beans-5.1.2.RELEASE.jar;D:\m2\org\springframework\spring-webmvc\5.1.2.RELEASE\spring-webmvc-5.1.2.RELEASE.jar;D:\m2\org\springframework\spring-aop\5.1.2.RELEASE\spring-aop-5.1.2.RELEASE.jar;D:\m2\org\springframework\spring-context\5.1.2.RELEASE\spring-context-5.1.2.RELEASE.jar;D:\m2\org\springframework\spring-expression\5.1.2.RELEASE\spring-expression-5.1.2.RELEASE.jar;D:\m2\io\springfox\springfox-swagger2\2.9.2\springfox-swagger2-2.9.2.jar;D:\m2\io\swagger\swagger-annotations\1.5.20\swagger-annotations-1.5.20.jar;D:\m2\io\swagger\swagger-models\1.5.20\swagger-models-1.5.20.jar;D:\m2\com\fasterxml\jackson\core\jackson-annotations\2.9.0\jackson-annotations-2.9.0.jar;D:\m2\io\springfox\springfox-spi\2.9.2\springfox-spi-2.9.2.jar;D:\m2\io\springfox\springfox-core\2.9.2\springfox-core-2.9.2.jar;D:\m2\io\springfox\springfox-schema\2.9.2\springfox-schema-2.9.2.jar;D:\m2\io\springfox\springfox-swagger-common\2.9.2\springfox-swagger-common-2.9.2.jar;D:\m2\io\springfox\springfox-spring-web\2.9.2\springfox-spring-web-2.9.2.jar;D:\m2\com\google\guava\guava\20.0\guava-20.0.jar;D:\m2\com\fasterxml\classmate\1.4.0\classmate-1.4.0.jar;D:\m2\org\slf4j\slf4j-api\1.7.25\slf4j-api-1.7.25.jar;D:\m2\org\springframework\plugin\spring-plugin-core\1.2.0.RELEASE\spring-plugin-core-1.2.0.RELEASE.jar;D:\m2\org\springframework\plugin\spring-plugin-metadata\1.2.0.RELEASE\spring-plugin-metadata-1.2.0.RELEASE.jar;D:\m2\org\mapstruct\mapstruct\1.2.0.Final\mapstruct-1.2.0.Final.jar;D:\m2\io\springfox\springfox-swagger-ui\2.9.2\springfox-swagger-ui-2.9.2.jar;D:\m2\org\springframework\boot\spring-boot-starter-test\2.1.0.RELEASE\spring-boot-starter-test-2.1.0.RELEASE.jar;D:\m2\org\springframework\boot\spring-boot-test\2.1.0.RELEASE\spring-boot-test-2.1.0.RELEASE.jar;D:\m2\org\springframework\boot\spring-boot-test-autoconfigure\2.1.0.RELEASE\spring-boot-test-autoconfigure-2.1.0.RELEASE.jar;D:\m2\com\jayway\jsonpath\json-path\2.4.0\json-path-2.4.0.jar;D:\m2\net\minidev\json-smart\2.3\json-smart-2.3.jar;D:\m2\net\minidev\accessors-smart\1.2\accessors-smart-1.2.jar;D:\m2\org\ow2\asm\asm\5.0.4\asm-5.0.4.jar;D:\m2\junit\junit\4.12\junit-4.12.jar;D:\m2\org\assertj\assertj-core\3.11.1\assertj-core-3.11.1.jar;D:\m2\org\mockito\mockito-core\2.23.0\mockito-core-2.23.0.jar;D:\m2\net\bytebuddy\byte-buddy\1.9.3\byte-buddy-1.9.3.jar;D:\m2\net\bytebuddy\byte-buddy-agent\1.9.3\byte-buddy-agent-1.9.3.jar;D:\m2\org\objenesis\objenesis\2.6\objenesis-2.6.jar;D:\m2\org\hamcrest\hamcrest-core\1.3\hamcrest-core-1.3.jar;D:\m2\org\hamcrest\hamcrest-library\1.3\hamcrest-library-1.3.jar;D:\m2\org\skyscreamer\jsonassert\1.5.0\jsonassert-1.5.0.jar;D:\m2\org\springframework\spring-core\5.1.2.RELEASE\spring-core-5.1.2.RELEASE.jar;D:\m2\org\springframework\spring-jcl\5.1.2.RELEASE\spring-jcl-5.1.2.RELEASE.jar;D:\m2\org\springframework\spring-test\5.1.2.RELEASE\spring-test-5.1.2.RELEASE.jar;D:\m2\org\xmlunit\xmlunit-core\2.6.2\xmlunit-core-2.6.2.jar;D:\m2\javax\xml\bind\jaxb-api\2.3.1\jaxb-api-2.3.1.jar;D:\m2\javax\activation\javax.activation-api\1.2.0\javax.activation-api-1.2.0.jar;D:\m2\org\springframework\boot\spring-boot-devtools\2.1.0.RELEASE\spring-boot-devtools-2.1.0.RELEASE.jar;D:\m2\org\springframework\boot\spring-boot\2.1.0.RELEASE\spring-boot-2.1.0.RELEASE.jar;D:\m2\org\springframework\boot\spring-boot-autoconfigure\2.1.0.RELEASE\spring-boot-autoconfigure-2.1.0.RELEASE.jar;D:\m2\org\projectlombok\lombok\1.18.24\lombok-1.18.24.jar;D:\m2\com\vaadin\external\google\android-json\0.0.20131108.vaadin1\android-json-0.0.20131108.vaadin1.jar;D:\m2\org\apache\httpcomponents\httpclient\4.5.13\httpclient-4.5.13.jar;D:\m2\commons-codec\commons-codec\1.11\commons-codec-1.11.jar;D:\m2\org\apache\httpcomponents\httpcore\4.4.15\httpcore-4.4.15.jar;"/>
    <property name="sun.cpu.endian" value="little"/>
    <property name="user.home" value="C:\Users\norman"/>
    <property name="user.language" value="zh"/>
    <property name="java.specification.vendor" value="Oracle Corporation"/>
    <property name="java.version.date" value="2022-03-22"/>
    <property name="java.home" value="C:\Program Files\Java\jdk-18"/>
    <property name="file.separator" value="\"/>
    <property name="basedir" value="D:\Share\易恒\java-samples\spring-boot-swagger-mock-hs"/>
    <property name="java.vm.compressedOopsMode" value="Zero based"/>
    <property name="line.separator" value="&#10;"/>
    <property name="java.vm.specification.vendor" value="Oracle Corporation"/>
    <property name="java.specification.name" value="Java Platform API Specification"/>
    <property name="surefire.real.class.path" value="C:\Users\norman\AppData\Local\Temp\surefire1451912884934392543\surefirebooter1278418005940355723.jar"/>
    <property name="user.script" value=""/>
    <property name="sun.management.compiler" value="HotSpot 64-Bit Tiered Compilers"/>
    <property name="java.runtime.version" value="18+36-2087"/>
    <property name="user.name" value="norman"/>
    <property name="path.separator" value=";"/>
    <property name="os.version" value="10.0"/>
    <property name="java.runtime.name" value="Java(TM) SE Runtime Environment"/>
    <property name="file.encoding" value="UTF-8"/>
    <property name="java.vm.name" value="Java HotSpot(TM) 64-Bit Server VM"/>
    <property name="localRepository" value="D:\m2"/>
    <property name="java.vendor.url.bug" value="https://bugreport.java.com/bugreport/"/>
    <property name="java.io.tmpdir" value="C:\Users\norman\AppData\Local\Temp\"/>
    <property name="idea.version" value="2021.3.2"/>
    <property name="java.version" value="18"/>
    <property name="user.dir" value="D:\Share\易恒\java-samples\spring-boot-swagger-mock-hs"/>
    <property name="os.arch" value="amd64"/>
    <property name="java.vm.specification.name" value="Java Virtual Machine Specification"/>
    <property name="sun.os.patch.level" value=""/>
    <property name="native.encoding" value="GBK"/>
    <property name="java.library.path" value="C:\Program Files\Java\jdk-18\bin;C:\WINDOWS\Sun\Java\bin;C:\WINDOWS\system32;C:\WINDOWS;C:\Python311\Scripts\;C:\Python311\;C:\Python310\Scripts\;C:\Python310\;C:\Program Files\Common Files\Oracle\Java\javapath;C:\Program Files (x86)\Common Files\Oracle\Java\javapath;C:\Program Files (x86)\VMware\VMware Workstation\bin\;C:\Python38\Scripts\;C:\Python38\;C:\WINDOWS\system32;C:\WINDOWS;C:\WINDOWS\System32\Wbem;C:\WINDOWS\System32\WindowsPowerShell\v1.0\;C:\WINDOWS\System32\OpenSSH\;C:\Program Files\dotnet\;C:\LLVM\bin;C:\Program Files\Git\cmd;C:\Program Files\Git\bin;D:\SW\Dev tools\apache-maven-3.8.5-bin\apache-maven-3.8.5\bin;C:\Program Files\Java\jdk-11.0.12\bin;D:\SW\Dev tools\apache-maven-3.8.5-bin\apache-maven-3.8.5\bin;C:\ProgramData\chocolatey\bin;D:\curl;C:\Program Files\nodejs\;C:\Program Files\MySQL\MySQL Shell 8.0\bin\;C:\Users\norman\AppData\Local\Microsoft\WindowsApps;C:\Users\norman\AppData\Local\Programs\Microsoft VS Code\bin;C:\Users\norman\.dotnet\tools;C:\Program Files\JetBrains\IntelliJ IDEA 2021.3.2\bin;D:\nodejs\node_global;D:\nodejs\;C:\Users\norman\AppData\Roaming\npm;."/>
    <property name="java.vm.info" value="mixed mode, sharing"/>
    <property name="java.vendor" value="Oracle Corporation"/>
    <property name="java.vm.version" value="18+36-2087"/>
    <property name="sun.io.unicode.encoding" value="UnicodeLittle"/>
    <property name="java.class.version" value="62.0"/>
  </properties>
  <testcase name="test" classname="com.neo.SwaggerApplicationTests" time="0.006"/>
</testsuite>